<?xml version="1.0" encoding="UTF-8"?>
<testsuite name="com.github.TestClear" tests="1" skipped="0" failures="0" errors="0" timestamp="2022-09-16T01:41:06" hostname="RIRF-UC01E1" time="57.536">
  <properties/>
  <testcase name="testClearAll" classname="com.github.TestClear" time="57.536"/>
  <system-out><![CDATA[09:41:06.544 [Test worker] INFO com.github.impl.ClearServiceImpl - 剩余的棋子数量：116
09:41:06.550 [Test worker] INFO com.github.impl.ClearServiceImpl - 棋子一的窗口坐标：p1 x:95, y:198. p1棋盘下标: 2.
09:41:06.550 [Test worker] INFO com.github.impl.ClearServiceImpl - 棋子二的窗口坐标：p2 x:35, y:270. p2棋盘下标: 38. 
09:41:07.593 [Test worker] INFO com.github.impl.ClearServiceImpl - 剩余的棋子数量：114
09:41:07.593 [Test worker] INFO com.github.impl.ClearServiceImpl - 棋子一的窗口坐标：p1 x:395, y:198. p1棋盘下标: 12.
09:41:07.593 [Test worker] INFO com.github.impl.ClearServiceImpl - 棋子二的窗口坐标：p2 x:275, y:450. p2棋盘下标: 141. 
09:41:08.510 [Test worker] INFO com.github.impl.ClearServiceImpl - 剩余的棋子数量：112
09:41:08.511 [Test worker] INFO com.github.impl.ClearServiceImpl - 棋子一的窗口坐标：p1 x:125, y:234. p1棋盘下标: 22.
09:41:08.511 [Test worker] INFO com.github.impl.ClearServiceImpl - 棋子二的窗口坐标：p2 x:185, y:450. p2棋盘下标: 138. 
09:41:09.441 [Test worker] INFO com.github.impl.ClearServiceImpl - 剩余的棋子数量：110
09:41:09.442 [Test worker] INFO com.github.impl.ClearServiceImpl - 棋子一的窗口坐标：p1 x:155, y:234. p1棋盘下标: 23.
09:41:09.442 [Test worker] INFO com.github.impl.ClearServiceImpl - 棋子二的窗口坐标：p2 x:65, y:306. p2棋盘下标: 58. 
09:41:10.354 [Test worker] INFO com.github.impl.ClearServiceImpl - 剩余的棋子数量：108
09:41:10.354 [Test worker] INFO com.github.impl.ClearServiceImpl - 棋子一的窗口坐标：p1 x:185, y:234. p1棋盘下标: 24.
09:41:10.355 [Test worker] INFO com.github.impl.ClearServiceImpl - 棋子二的窗口坐标：p2 x:125, y:558. p2棋盘下标: 193. 
09:41:11.277 [Test worker] INFO com.github.impl.ClearServiceImpl - 剩余的棋子数量：108
09:41:11.277 [Test worker] INFO com.github.impl.ClearServiceImpl - 棋子一的窗口坐标：p1 x:365, y:234. p1棋盘下标: 30.
09:41:11.277 [Test worker] INFO com.github.impl.ClearServiceImpl - 棋子二的窗口坐标：p2 x:275, y:270. p2棋盘下标: 46. 
09:41:12.200 [Test worker] INFO com.github.impl.ClearServiceImpl - 剩余的棋子数量：106
09:41:12.200 [Test worker] INFO com.github.impl.ClearServiceImpl - 棋子一的窗口坐标：p1 x:215, y:270. p1棋盘下标: 44.
09:41:12.200 [Test worker] INFO com.github.impl.ClearServiceImpl - 棋子二的窗口坐标：p2 x:155, y:558. p2棋盘下标: 194. 
09:41:13.131 [Test worker] INFO com.github.impl.ClearServiceImpl - 剩余的棋子数量：106
09:41:13.131 [Test worker] INFO com.github.impl.ClearServiceImpl - 棋子一的窗口坐标：p1 x:365, y:270. p1棋盘下标: 49.
09:41:13.131 [Test worker] INFO com.github.impl.ClearServiceImpl - 棋子二的窗口坐标：p2 x:365, y:306. p2棋盘下标: 68. 
09:41:14.065 [Test worker] INFO com.github.impl.ClearServiceImpl - 剩余的棋子数量：104
09:41:14.065 [Test worker] INFO com.github.impl.ClearServiceImpl - 棋子一的窗口坐标：p1 x:395, y:270. p1棋盘下标: 50.
09:41:14.065 [Test worker] INFO com.github.impl.ClearServiceImpl - 棋子二的窗口坐标：p2 x:365, y:450. p2棋盘下标: 144. 
09:41:14.971 [Test worker] INFO com.github.impl.ClearServiceImpl - 剩余的棋子数量：102
09:41:14.971 [Test worker] INFO com.github.impl.ClearServiceImpl - 棋子一的窗口坐标：p1 x:515, y:270. p1棋盘下标: 54.
09:41:14.972 [Test worker] INFO com.github.impl.ClearServiceImpl - 棋子二的窗口坐标：p2 x:515, y:486. p2棋盘下标: 168. 
09:41:15.890 [Test worker] INFO com.github.impl.ClearServiceImpl - 剩余的棋子数量：100
09:41:15.890 [Test worker] INFO com.github.impl.ClearServiceImpl - 棋子一的窗口坐标：p1 x:545, y:270. p1棋盘下标: 55.
09:41:15.890 [Test worker] INFO com.github.impl.ClearServiceImpl - 棋子二的窗口坐标：p2 x:485, y:450. p2棋盘下标: 148. 
09:41:16.812 [Test worker] INFO com.github.impl.ClearServiceImpl - 剩余的棋子数量：98
09:41:16.813 [Test worker] INFO com.github.impl.ClearServiceImpl - 棋子一的窗口坐标：p1 x:275, y:306. p1棋盘下标: 65.
09:41:16.813 [Test worker] INFO com.github.impl.ClearServiceImpl - 棋子二的窗口坐标：p2 x:335, y:342. p2棋盘下标: 86. 
09:41:17.745 [Test worker] INFO com.github.impl.ClearServiceImpl - 剩余的棋子数量：96
09:41:17.745 [Test worker] INFO com.github.impl.ClearServiceImpl - 棋子一的窗口坐标：p1 x:335, y:306. p1棋盘下标: 67.
09:41:17.745 [Test worker] INFO com.github.impl.ClearServiceImpl - 棋子二的窗口坐标：p2 x:545, y:450. p2棋盘下标: 150. 
09:41:18.653 [Test worker] INFO com.github.impl.ClearServiceImpl - 剩余的棋子数量：94
09:41:18.654 [Test worker] INFO com.github.impl.ClearServiceImpl - 棋子一的窗口坐标：p1 x:545, y:306. p1棋盘下标: 74.
09:41:18.654 [Test worker] INFO com.github.impl.ClearServiceImpl - 棋子二的窗口坐标：p2 x:335, y:378. p2棋盘下标: 105. 
09:41:19.588 [Test worker] INFO com.github.impl.ClearServiceImpl - 剩余的棋子数量：92
09:41:19.588 [Test worker] INFO com.github.impl.ClearServiceImpl - 棋子一的窗口坐标：p1 x:575, y:306. p1棋盘下标: 75.
09:41:19.588 [Test worker] INFO com.github.impl.ClearServiceImpl - 棋子二的窗口坐标：p2 x:335, y:414. p2棋盘下标: 124. 
09:41:20.508 [Test worker] INFO com.github.impl.ClearServiceImpl - 剩余的棋子数量：90
09:41:20.509 [Test worker] INFO com.github.impl.ClearServiceImpl - 棋子一的窗口坐标：p1 x:275, y:342. p1棋盘下标: 84.
09:41:20.509 [Test worker] INFO com.github.impl.ClearServiceImpl - 棋子二的窗口坐标：p2 x:365, y:414. p2棋盘下标: 125. 
09:41:21.428 [Test worker] INFO com.github.impl.ClearServiceImpl - 剩余的棋子数量：88
09:41:21.428 [Test worker] INFO com.github.impl.ClearServiceImpl - 棋子一的窗口坐标：p1 x:365, y:342. p1棋盘下标: 87.
09:41:21.428 [Test worker] INFO com.github.impl.ClearServiceImpl - 棋子二的窗口坐标：p2 x:545, y:486. p2棋盘下标: 169. 
09:41:22.350 [Test worker] INFO com.github.impl.ClearServiceImpl - 剩余的棋子数量：86
09:41:22.350 [Test worker] INFO com.github.impl.ClearServiceImpl - 棋子一的窗口坐标：p1 x:545, y:342. p1棋盘下标: 93.
09:41:22.350 [Test worker] INFO com.github.impl.ClearServiceImpl - 棋子二的窗口坐标：p2 x:575, y:342. p2棋盘下标: 94. 
09:41:23.269 [Test worker] INFO com.github.impl.ClearServiceImpl - 剩余的棋子数量：84
09:41:23.269 [Test worker] INFO com.github.impl.ClearServiceImpl - 棋子一的窗口坐标：p1 x:65, y:378. p1棋盘下标: 96.
09:41:23.269 [Test worker] INFO com.github.impl.ClearServiceImpl - 棋子二的窗口坐标：p2 x:245, y:378. p2棋盘下标: 102. 
09:41:24.180 [Test worker] INFO com.github.impl.ClearServiceImpl - 剩余的棋子数量：82
09:41:24.181 [Test worker] INFO com.github.impl.ClearServiceImpl - 棋子一的窗口坐标：p1 x:275, y:414. p1棋盘下标: 122.
09:41:24.181 [Test worker] INFO com.github.impl.ClearServiceImpl - 棋子二的窗口坐标：p2 x:485, y:522. p2棋盘下标: 186. 
09:41:25.114 [Test worker] INFO com.github.impl.ClearServiceImpl - 剩余的棋子数量：80
09:41:25.114 [Test worker] INFO com.github.impl.ClearServiceImpl - 棋子一的窗口坐标：p1 x:545, y:414. p1棋盘下标: 131.
09:41:25.115 [Test worker] INFO com.github.impl.ClearServiceImpl - 棋子二的窗口坐标：p2 x:245, y:522. p2棋盘下标: 178. 
09:41:26.050 [Test worker] INFO com.github.impl.ClearServiceImpl - 剩余的棋子数量：78
09:41:26.051 [Test worker] INFO com.github.impl.ClearServiceImpl - 棋子一的窗口坐标：p1 x:245, y:450. p1棋盘下标: 140.
09:41:26.051 [Test worker] INFO com.github.impl.ClearServiceImpl - 棋子二的窗口坐标：p2 x:215, y:486. p2棋盘下标: 158. 
09:41:26.970 [Test worker] INFO com.github.impl.ClearServiceImpl - 剩余的棋子数量：76
09:41:26.970 [Test worker] INFO com.github.impl.ClearServiceImpl - 棋子一的窗口坐标：p1 x:95, y:486. p1棋盘下标: 154.
09:41:26.970 [Test worker] INFO com.github.impl.ClearServiceImpl - 棋子二的窗口坐标：p2 x:245, y:486. p2棋盘下标: 159. 
09:41:27.889 [Test worker] INFO com.github.impl.ClearServiceImpl - 剩余的棋子数量：74
09:41:27.889 [Test worker] INFO com.github.impl.ClearServiceImpl - 棋子一的窗口坐标：p1 x:275, y:486. p1棋盘下标: 160.
09:41:27.889 [Test worker] INFO com.github.impl.ClearServiceImpl - 棋子二的窗口坐标：p2 x:365, y:522. p2棋盘下标: 182. 
09:41:28.810 [Test worker] INFO com.github.impl.ClearServiceImpl - 剩余的棋子数量：72
09:41:28.810 [Test worker] INFO com.github.impl.ClearServiceImpl - 棋子一的窗口坐标：p1 x:575, y:486. p1棋盘下标: 170.
09:41:28.810 [Test worker] INFO com.github.impl.ClearServiceImpl - 棋子二的窗口坐标：p2 x:515, y:522. p2棋盘下标: 187. 
09:41:29.723 [Test worker] INFO com.github.impl.ClearServiceImpl - 剩余的棋子数量：70
09:41:29.723 [Test worker] INFO com.github.impl.ClearServiceImpl - 棋子一的窗口坐标：p1 x:155, y:522. p1棋盘下标: 175.
09:41:29.723 [Test worker] INFO com.github.impl.ClearServiceImpl - 棋子二的窗口坐标：p2 x:185, y:522. p2棋盘下标: 176. 
09:41:30.639 [Test worker] INFO com.github.impl.ClearServiceImpl - 剩余的棋子数量：68
09:41:30.639 [Test worker] INFO com.github.impl.ClearServiceImpl - 棋子一的窗口坐标：p1 x:425, y:558. p1棋盘下标: 203.
09:41:30.639 [Test worker] INFO com.github.impl.ClearServiceImpl - 棋子二的窗口坐标：p2 x:455, y:558. p2棋盘下标: 204. 
09:41:31.572 [Test worker] INFO com.github.impl.ClearServiceImpl - 剩余的棋子数量：66
09:41:31.572 [Test worker] INFO com.github.impl.ClearServiceImpl - 棋子一的窗口坐标：p1 x:185, y:234. p1棋盘下标: 24.
09:41:31.572 [Test worker] INFO com.github.impl.ClearServiceImpl - 棋子二的窗口坐标：p2 x:125, y:558. p2棋盘下标: 193. 
09:41:32.495 [Test worker] INFO com.github.impl.ClearServiceImpl - 剩余的棋子数量：66
09:41:32.496 [Test worker] INFO com.github.impl.ClearServiceImpl - 棋子一的窗口坐标：p1 x:395, y:234. p1棋盘下标: 31.
09:41:32.496 [Test worker] INFO com.github.impl.ClearServiceImpl - 棋子二的窗口坐标：p2 x:515, y:234. p2棋盘下标: 35. 
09:41:33.416 [Test worker] INFO com.github.impl.ClearServiceImpl - 剩余的棋子数量：64
09:41:33.417 [Test worker] INFO com.github.impl.ClearServiceImpl - 棋子一的窗口坐标：p1 x:425, y:234. p1棋盘下标: 32.
09:41:33.417 [Test worker] INFO com.github.impl.ClearServiceImpl - 棋子二的窗口坐标：p2 x:245, y:306. p2棋盘下标: 64. 
09:41:34.336 [Test worker] INFO com.github.impl.ClearServiceImpl - 剩余的棋子数量：62
09:41:34.336 [Test worker] INFO com.github.impl.ClearServiceImpl - 棋子一的窗口坐标：p1 x:485, y:234. p1棋盘下标: 34.
09:41:34.336 [Test worker] INFO com.github.impl.ClearServiceImpl - 棋子二的窗口坐标：p2 x:545, y:234. p2棋盘下标: 36. 
09:41:35.243 [Test worker] INFO com.github.impl.ClearServiceImpl - 剩余的棋子数量：60
09:41:35.243 [Test worker] INFO com.github.impl.ClearServiceImpl - 棋子一的窗口坐标：p1 x:65, y:270. p1棋盘下标: 39.
09:41:35.243 [Test worker] INFO com.github.impl.ClearServiceImpl - 棋子二的窗口坐标：p2 x:245, y:342. p2棋盘下标: 83. 
09:41:36.163 [Test worker] INFO com.github.impl.ClearServiceImpl - 剩余的棋子数量：58
09:41:36.163 [Test worker] INFO com.github.impl.ClearServiceImpl - 棋子一的窗口坐标：p1 x:95, y:270. p1棋盘下标: 40.
09:41:36.163 [Test worker] INFO com.github.impl.ClearServiceImpl - 棋子二的窗口坐标：p2 x:275, y:558. p2棋盘下标: 198. 
09:41:37.082 [Test worker] INFO com.github.impl.ClearServiceImpl - 剩余的棋子数量：56
09:41:37.083 [Test worker] INFO com.github.impl.ClearServiceImpl - 棋子一的窗口坐标：p1 x:215, y:270. p1棋盘下标: 44.
09:41:37.083 [Test worker] INFO com.github.impl.ClearServiceImpl - 棋子二的窗口坐标：p2 x:155, y:558. p2棋盘下标: 194. 
09:41:37.988 [Test worker] INFO com.github.impl.ClearServiceImpl - 剩余的棋子数量：54
09:41:37.988 [Test worker] INFO com.github.impl.ClearServiceImpl - 棋子一的窗口坐标：p1 x:245, y:270. p1棋盘下标: 45.
09:41:37.988 [Test worker] INFO com.github.impl.ClearServiceImpl - 棋子二的窗口坐标：p2 x:95, y:522. p2棋盘下标: 173. 
09:41:38.924 [Test worker] INFO com.github.impl.ClearServiceImpl - 剩余的棋子数量：52
09:41:38.924 [Test worker] INFO com.github.impl.ClearServiceImpl - 棋子一的窗口坐标：p1 x:335, y:270. p1棋盘下标: 48.
09:41:38.925 [Test worker] INFO com.github.impl.ClearServiceImpl - 棋子二的窗口坐标：p2 x:65, y:342. p2棋盘下标: 77. 
09:41:39.831 [Test worker] INFO com.github.impl.ClearServiceImpl - 剩余的棋子数量：50
09:41:39.831 [Test worker] INFO com.github.impl.ClearServiceImpl - 棋子一的窗口坐标：p1 x:575, y:270. p1棋盘下标: 56.
09:41:39.831 [Test worker] INFO com.github.impl.ClearServiceImpl - 棋子二的窗口坐标：p2 x:215, y:558. p2棋盘下标: 196. 
09:41:40.759 [Test worker] INFO com.github.impl.ClearServiceImpl - 剩余的棋子数量：48
09:41:40.759 [Test worker] INFO com.github.impl.ClearServiceImpl - 棋子一的窗口坐标：p1 x:35, y:306. p1棋盘下标: 57.
09:41:40.760 [Test worker] INFO com.github.impl.ClearServiceImpl - 棋子二的窗口坐标：p2 x:65, y:414. p2棋盘下标: 115. 
09:41:41.677 [Test worker] INFO com.github.impl.ClearServiceImpl - 剩余的棋子数量：46
09:41:41.677 [Test worker] INFO com.github.impl.ClearServiceImpl - 棋子一的窗口坐标：p1 x:275, y:378. p1棋盘下标: 103.
09:41:41.677 [Test worker] INFO com.github.impl.ClearServiceImpl - 棋子二的窗口坐标：p2 x:455, y:522. p2棋盘下标: 185. 
09:41:42.599 [Test worker] INFO com.github.impl.ClearServiceImpl - 剩余的棋子数量：44
09:41:42.599 [Test worker] INFO com.github.impl.ClearServiceImpl - 棋子一的窗口坐标：p1 x:575, y:414. p1棋盘下标: 132.
09:41:42.599 [Test worker] INFO com.github.impl.ClearServiceImpl - 棋子二的窗口坐标：p2 x:185, y:558. p2棋盘下标: 195. 
09:41:43.531 [Test worker] INFO com.github.impl.ClearServiceImpl - 剩余的棋子数量：42
09:41:43.531 [Test worker] INFO com.github.impl.ClearServiceImpl - 棋子一的窗口坐标：p1 x:65, y:450. p1棋盘下标: 134.
09:41:43.531 [Test worker] INFO com.github.impl.ClearServiceImpl - 棋子二的窗口坐标：p2 x:335, y:486. p2棋盘下标: 162. 
09:41:44.453 [Test worker] INFO com.github.impl.ClearServiceImpl - 剩余的棋子数量：40
09:41:44.453 [Test worker] INFO com.github.impl.ClearServiceImpl - 棋子一的窗口坐标：p1 x:335, y:450. p1棋盘下标: 143.
09:41:44.453 [Test worker] INFO com.github.impl.ClearServiceImpl - 棋子二的窗口坐标：p2 x:65, y:486. p2棋盘下标: 153. 
09:41:45.373 [Test worker] INFO com.github.impl.ClearServiceImpl - 剩余的棋子数量：38
09:41:45.373 [Test worker] INFO com.github.impl.ClearServiceImpl - 棋子一的窗口坐标：p1 x:395, y:486. p1棋盘下标: 164.
09:41:45.373 [Test worker] INFO com.github.impl.ClearServiceImpl - 棋子二的窗口坐标：p2 x:575, y:558. p2棋盘下标: 208. 
09:41:46.295 [Test worker] INFO com.github.impl.ClearServiceImpl - 剩余的棋子数量：36
09:41:46.296 [Test worker] INFO com.github.impl.ClearServiceImpl - 棋子一的窗口坐标：p1 x:425, y:522. p1棋盘下标: 184.
09:41:46.296 [Test worker] INFO com.github.impl.ClearServiceImpl - 棋子二的窗口坐标：p2 x:515, y:558. p2棋盘下标: 206. 
09:41:47.223 [Test worker] INFO com.github.impl.ClearServiceImpl - 剩余的棋子数量：34
09:41:47.224 [Test worker] INFO com.github.impl.ClearServiceImpl - 棋子一的窗口坐标：p1 x:125, y:198. p1棋盘下标: 3.
09:41:47.224 [Test worker] INFO com.github.impl.ClearServiceImpl - 棋子二的窗口坐标：p2 x:95, y:558. p2棋盘下标: 192. 
09:41:48.138 [Test worker] INFO com.github.impl.ClearServiceImpl - 剩余的棋子数量：32
09:41:48.138 [Test worker] INFO com.github.impl.ClearServiceImpl - 棋子一的窗口坐标：p1 x:155, y:198. p1棋盘下标: 4.
09:41:48.138 [Test worker] INFO com.github.impl.ClearServiceImpl - 棋子二的窗口坐标：p2 x:365, y:486. p2棋盘下标: 163. 
09:41:49.056 [Test worker] INFO com.github.impl.ClearServiceImpl - 剩余的棋子数量：30
09:41:49.056 [Test worker] INFO com.github.impl.ClearServiceImpl - 棋子一的窗口坐标：p1 x:185, y:198. p1棋盘下标: 5.
09:41:49.056 [Test worker] INFO com.github.impl.ClearServiceImpl - 棋子二的窗口坐标：p2 x:35, y:378. p2棋盘下标: 95. 
09:41:49.975 [Test worker] INFO com.github.impl.ClearServiceImpl - 剩余的棋子数量：28
09:41:49.975 [Test worker] INFO com.github.impl.ClearServiceImpl - 棋子一的窗口坐标：p1 x:425, y:198. p1棋盘下标: 13.
09:41:49.975 [Test worker] INFO com.github.impl.ClearServiceImpl - 棋子二的窗口坐标：p2 x:35, y:450. p2棋盘下标: 133. 
09:41:50.884 [Test worker] INFO com.github.impl.ClearServiceImpl - 剩余的棋子数量：26
09:41:50.885 [Test worker] INFO com.github.impl.ClearServiceImpl - 棋子一的窗口坐标：p1 x:455, y:198. p1棋盘下标: 14.
09:41:50.885 [Test worker] INFO com.github.impl.ClearServiceImpl - 棋子二的窗口坐标：p2 x:245, y:234. p2棋盘下标: 26. 
09:41:51.818 [Test worker] INFO com.github.impl.ClearServiceImpl - 剩余的棋子数量：24
09:41:51.819 [Test worker] INFO com.github.impl.ClearServiceImpl - 棋子一的窗口坐标：p1 x:515, y:198. p1棋盘下标: 16.
09:41:51.819 [Test worker] INFO com.github.impl.ClearServiceImpl - 棋子二的窗口坐标：p2 x:395, y:558. p2棋盘下标: 202. 
09:41:52.734 [Test worker] INFO com.github.impl.ClearServiceImpl - 剩余的棋子数量：24
09:41:52.734 [Test worker] INFO com.github.impl.ClearServiceImpl - 棋子一的窗口坐标：p1 x:65, y:234. p1棋盘下标: 20.
09:41:52.735 [Test worker] INFO com.github.impl.ClearServiceImpl - 棋子二的窗口坐标：p2 x:35, y:342. p2棋盘下标: 76. 
09:41:53.655 [Test worker] INFO com.github.impl.ClearServiceImpl - 剩余的棋子数量：22
09:41:53.655 [Test worker] INFO com.github.impl.ClearServiceImpl - 棋子一的窗口坐标：p1 x:95, y:234. p1棋盘下标: 21.
09:41:53.655 [Test worker] INFO com.github.impl.ClearServiceImpl - 棋子二的窗口坐标：p2 x:575, y:450. p2棋盘下标: 151. 
09:41:54.565 [Test worker] INFO com.github.impl.ClearServiceImpl - 剩余的棋子数量：20
09:41:54.565 [Test worker] INFO com.github.impl.ClearServiceImpl - 棋子一的窗口坐标：p1 x:185, y:234. p1棋盘下标: 24.
09:41:54.565 [Test worker] INFO com.github.impl.ClearServiceImpl - 棋子二的窗口坐标：p2 x:545, y:378. p2棋盘下标: 112. 
09:41:55.487 [Test worker] INFO com.github.impl.ClearServiceImpl - 剩余的棋子数量：18
09:41:55.487 [Test worker] INFO com.github.impl.ClearServiceImpl - 棋子一的窗口坐标：p1 x:215, y:234. p1棋盘下标: 25.
09:41:55.487 [Test worker] INFO com.github.impl.ClearServiceImpl - 棋子二的窗口坐标：p2 x:245, y:414. p2棋盘下标: 121. 
09:41:56.419 [Test worker] INFO com.github.impl.ClearServiceImpl - 剩余的棋子数量：16
09:41:56.419 [Test worker] INFO com.github.impl.ClearServiceImpl - 棋子一的窗口坐标：p1 x:455, y:234. p1棋盘下标: 33.
09:41:56.419 [Test worker] INFO com.github.impl.ClearServiceImpl - 棋子二的窗口坐标：p2 x:35, y:486. p2棋盘下标: 152. 
09:41:57.337 [Test worker] INFO com.github.impl.ClearServiceImpl - 剩余的棋子数量：14
09:41:57.337 [Test worker] INFO com.github.impl.ClearServiceImpl - 棋子一的窗口坐标：p1 x:365, y:378. p1棋盘下标: 106.
09:41:57.338 [Test worker] INFO com.github.impl.ClearServiceImpl - 棋子二的窗口坐标：p2 x:215, y:522. p2棋盘下标: 177. 
09:41:58.257 [Test worker] INFO com.github.impl.ClearServiceImpl - 剩余的棋子数量：12
09:41:58.258 [Test worker] INFO com.github.impl.ClearServiceImpl - 棋子一的窗口坐标：p1 x:575, y:378. p1棋盘下标: 113.
09:41:58.259 [Test worker] INFO com.github.impl.ClearServiceImpl - 棋子二的窗口坐标：p2 x:395, y:522. p2棋盘下标: 183. 
09:41:59.193 [Test worker] INFO com.github.impl.ClearServiceImpl - 剩余的棋子数量：10
09:41:59.193 [Test worker] INFO com.github.impl.ClearServiceImpl - 棋子一的窗口坐标：p1 x:35, y:414. p1棋盘下标: 114.
09:41:59.193 [Test worker] INFO com.github.impl.ClearServiceImpl - 棋子二的窗口坐标：p2 x:125, y:558. p2棋盘下标: 193. 
09:42:00.110 [Test worker] INFO com.github.impl.ClearServiceImpl - 剩余的棋子数量：8
09:42:00.110 [Test worker] INFO com.github.impl.ClearServiceImpl - 棋子一的窗口坐标：p1 x:125, y:522. p1棋盘下标: 174.
09:42:00.110 [Test worker] INFO com.github.impl.ClearServiceImpl - 棋子二的窗口坐标：p2 x:485, y:558. p2棋盘下标: 205. 
09:42:01.037 [Test worker] INFO com.github.impl.ClearServiceImpl - 剩余的棋子数量：6
09:42:01.037 [Test worker] INFO com.github.impl.ClearServiceImpl - 棋子一的窗口坐标：p1 x:215, y:198. p1棋盘下标: 6.
09:42:01.038 [Test worker] INFO com.github.impl.ClearServiceImpl - 棋子二的窗口坐标：p2 x:485, y:198. p2棋盘下标: 15. 
09:42:01.967 [Test worker] INFO com.github.impl.ClearServiceImpl - 剩余的棋子数量：4
09:42:01.967 [Test worker] INFO com.github.impl.ClearServiceImpl - 棋子一的窗口坐标：p1 x:515, y:198. p1棋盘下标: 16.
09:42:01.967 [Test worker] INFO com.github.impl.ClearServiceImpl - 棋子二的窗口坐标：p2 x:395, y:558. p2棋盘下标: 202. 
09:42:02.900 [Test worker] INFO com.github.impl.ClearServiceImpl - 剩余的棋子数量：2
09:42:02.900 [Test worker] INFO com.github.impl.ClearServiceImpl - 棋子一的窗口坐标：p1 x:65, y:522. p1棋盘下标: 172.
09:42:02.900 [Test worker] INFO com.github.impl.ClearServiceImpl - 棋子二的窗口坐标：p2 x:545, y:522. p2棋盘下标: 188. 
耗时：57秒
]]></system-out>
  <system-err><![CDATA[]]></system-err>
</testsuite>
